2021-07-25 00:16:56 [@glpi]
Interno #1: Executar createinquest
2021-07-24 22:18:03 [@glpi]
Externo #1: Executar PurgeLogs
2021-07-24 22:18:03 [@glpi]
Externo #2: Executar checkAllUpdates
2021-07-24 22:18:03 [@glpi]
Externo #3: Executar DomainsAlert
2021-07-24 22:20:03 [@glpi]
Externo #1: Nada a ser executado
2021-07-24 22:22:02 [@glpi]
Externo #1: Nada a ser executado
2021-07-24 22:24:02 [@glpi]
Externo #1: Nada a ser executado
2021-07-24 22:26:01 [@glpi]
Externo #1: Nada a ser executado
2021-07-24 22:28:01 [@glpi]
Externo #1: Nada a ser executado
2021-07-24 22:30:01 [@glpi]
Externo #1: Nada a ser executado
2021-07-24 22:32:05 [@glpi]
Externo #1: Nada a ser executado
2021-07-24 22:34:01 [@glpi]
Externo #1: Nada a ser executado
2021-07-24 22:36:01 [@glpi]
Externo #1: Nada a ser executado
2021-07-24 22:38:01 [@glpi]
Externo #1: Nada a ser executado
